<?xml version="1.0" encoding="UTF-8"?>
<!-- Generated by org.testng.reporters.JUnitReportReporter -->
<testsuite name="javaPractice.Demo" tests="1" time="6.591" ignored="0" failures="0" timestamp="23 Dec 2020 11:12:12 GMT" skipped="0" hostname="Sandeep" errors="0">
  <testcase name="extentReportsDemo" time="6.591" classname="javaPractice.Demo"/>
</testsuite> <!-- javaPractice.Demo -->
