<?xml version="1.0" encoding="UTF-8"?>
<!-- Generated by org.testng.reporters.JUnitReportReporter -->
<testsuite name="testNGPractice.TestCases" tests="1" time="0.040" ignored="0" failures="0" timestamp="09 Jan 2021 06:28:28 GMT" skipped="0" hostname="Sandeep" errors="0">
  <testcase name="doLogin" time="0.040" classname="testNGPractice.TestCases"/>
</testsuite> <!-- testNGPractice.TestCases -->
